<?xml version="1.0" encoding="UTF-8"?>
<testng-results ignored="0" total="1" passed="1" failed="0" skipped="0">
  <reporter-output>
  </reporter-output>
  <suite started-at="2022-04-08T21:02:06 IST" name="Default suite" finished-at="2022-04-08T21:02:33 IST" duration-ms="26533">
    <groups>
    </groups>
    <test started-at="2022-04-08T21:02:06 IST" name="Default test" finished-at="2022-04-08T21:02:33 IST" duration-ms="26533">
      <class name="com.demo.testScripts.AccountCreationPageTest">
        <test-method signature="verifyEmailAccount()[pri:0, instance:com.demo.testScripts.AccountCreationPageTest@618425b5]" started-at="2022-04-08T21:02:06 IST" name="verifyEmailAccount" finished-at="2022-04-08T21:02:31 IST" duration-ms="24847" status="PASS">
          <reporter-output>
          </reporter-output>
        </test-method> <!-- verifyEmailAccount -->
      </class> <!-- com.demo.testScripts.AccountCreationPageTest -->
    </test> <!-- Default test -->
  </suite> <!-- Default suite -->
</testng-results>
